2024-10-26 15:34:43,613 - MainThread - INFO - MongoDB connection established successfully.
2024-10-26 15:34:43,618 - MainThread - INFO - Max rule found: {'_id': ObjectId('671ce1bd3ee091697cf51e6c'), 'rule_id': 2, 'src_ip': None, 'dest_ip': '10.0.0.255', 'src_port': None, 'dest_port': None, 'protocol': None, 'action': 'block', 'ttl': None, 'checksum': None, 'tcp_flags': None, 'alert': True, 'insertion_time': datetime.datetime(2024, 10, 26, 15, 34, 5, 135000)}
2024-10-26 15:34:43,618 - MainThread - INFO - Deleted 2 documents from the collection.
2024-10-26 15:34:43,618 - MainThread - INFO - Cleared all rules from the rule set and database.
2024-10-26 15:34:43,619 - MainThread - INFO - Document inserted successfully
2024-10-26 15:34:43,619 - MainThread - INFO - Added rule: 1
2024-10-26 15:34:43,619 - MainThread - INFO - Document inserted successfully
2024-10-26 15:34:43,619 - MainThread - INFO - Added rule: 2
2024-10-26 15:34:43,706 - Thread-2 (capture_packet) - INFO - MongoDB connection established successfully.
2024-10-26 15:34:43,706 - Thread-1 (capture_packet) - INFO - MongoDB connection established successfully.
2024-10-26 15:34:43,708 - Thread-1 (capture_packet) - INFO - Document inserted successfully
2024-10-26 15:34:43,708 - Thread-2 (capture_packet) - INFO - Document inserted successfully
2024-10-26 15:34:43,708 - Thread-1 (capture_packet) - INFO - MongoDB connection closed successfully.
2024-10-26 15:34:43,709 - Thread-2 (capture_packet) - INFO - MongoDB connection closed successfully.
2024-10-26 15:34:43,710 - Thread-2 (capture_packet) - INFO - MongoDB connection established successfully.
2024-10-26 15:34:43,710 - Thread-1 (capture_packet) - INFO - MongoDB connection established successfully.
2024-10-26 15:34:43,713 - Thread-2 (capture_packet) - INFO - Document inserted successfully
2024-10-26 15:34:43,713 - Thread-1 (capture_packet) - INFO - Document inserted successfully
2024-10-26 15:34:43,713 - Thread-2 (capture_packet) - INFO - MongoDB connection closed successfully.
2024-10-26 15:34:43,713 - Thread-1 (capture_packet) - INFO - MongoDB connection closed successfully.
2024-10-26 15:34:44,005 - Thread-2 (capture_packet) - INFO - Matched rule ID: 2
2024-10-26 15:34:44,109 - Thread-2 (capture_packet) - WARNING - Alert: Packet matched rule ID 2 - BLOCK
2024-10-26 15:34:44,109 - Thread-1 (capture_packet) - INFO - Matched rule ID: 2
2024-10-26 15:34:44,110 - Thread-2 (capture_packet) - INFO - MongoDB connection established successfully.
2024-10-26 15:34:44,122 - Thread-2 (capture_packet) - INFO - Document inserted successfully
2024-10-26 15:34:44,122 - Thread-2 (capture_packet) - INFO - MongoDB connection closed successfully.
2024-10-26 15:34:44,174 - Thread-1 (capture_packet) - WARNING - Alert: Packet matched rule ID 2 - BLOCK
2024-10-26 15:34:44,175 - Thread-1 (capture_packet) - INFO - MongoDB connection established successfully.
2024-10-26 15:34:44,182 - Thread-1 (capture_packet) - INFO - Document inserted successfully
2024-10-26 15:34:44,182 - Thread-1 (capture_packet) - INFO - MongoDB connection closed successfully.
2024-10-26 15:34:45,338 - Thread-1 (capture_packet) - INFO - MongoDB connection established successfully.
2024-10-26 15:34:45,338 - Thread-2 (capture_packet) - INFO - MongoDB connection established successfully.
2024-10-26 15:34:45,342 - Thread-2 (capture_packet) - INFO - Document inserted successfully
2024-10-26 15:34:45,342 - Thread-1 (capture_packet) - INFO - Document inserted successfully
2024-10-26 15:34:45,342 - Thread-2 (capture_packet) - INFO - MongoDB connection closed successfully.
2024-10-26 15:34:45,342 - Thread-1 (capture_packet) - INFO - MongoDB connection closed successfully.
2024-10-26 15:34:47,079 - Thread-1 (capture_packet) - INFO - MongoDB connection established successfully.
2024-10-26 15:34:47,079 - Thread-2 (capture_packet) - INFO - MongoDB connection established successfully.
2024-10-26 15:34:47,083 - Thread-1 (capture_packet) - INFO - Document inserted successfully
2024-10-26 15:34:47,083 - Thread-2 (capture_packet) - INFO - Document inserted successfully
2024-10-26 15:34:47,083 - Thread-1 (capture_packet) - INFO - MongoDB connection closed successfully.
2024-10-26 15:34:47,084 - Thread-2 (capture_packet) - INFO - MongoDB connection closed successfully.
